This file contains any messages produced by compilers while
running configure, to aid debugging if configure makes a mistake.

It was created by fibonacci configure 1.0, which was
generated by GNU Autoconf 2.69.  Invocation command line was

  $ ./configure 

## --------- ##
## Platform. ##
## --------- ##

hostname = feiyuntekiMacBook-Pro.local
uname -m = x86_64
uname -r = 12.4.0
uname -s = Darwin
uname -v = Darwin Kernel Version 12.4.0: Wed May  1 17:57:12 PDT 2013; root:xnu-2050.24.15~1/RELEASE_X86_64

/usr/bin/uname -p = i386
/bin/uname -X     = unknown

/bin/arch              = unknown
/usr/bin/arch -k       = unknown
/usr/convex/getsysinfo = unknown
/usr/bin/hostinfo      = Mach kernel version:
	 Darwin Kernel Version 12.4.0: Wed May  1 17:57:12 PDT 2013; root:xnu-2050.24.15~1/RELEASE_X86_64
Kernel configured for up to 4 processors.
2 processors are physically available.
4 processors are logically available.
Processor type: i486 (Intel 80486)
Processors active: 0 1 2 3
Primary memory available: 4.00 gigabytes
Default processor set: 130 tasks, 782 threads, 4 processors
Load average: 1.11, Mach factor: 2.88
/bin/machine           = unknown
/usr/bin/oslevel       = unknown
/bin/universe          = unknown

PATH: /usr/bin
PATH: /bin
PATH: /usr/sbin
PATH: /sbin
PATH: /usr/local/bin
PATH: /opt/X11/bin


## ----------- ##
## Core tests. ##
## ----------- ##

configure:2075: checking for a BSD-compatible install
configure:2143: result: /usr/bin/install -c
configure:2154: checking whether build environment is sane
configure:2209: result: yes
configure:2360: checking for a thread-safe mkdir -p
configure:2399: result: ./install-sh -c -d
configure:2406: checking for gawk
configure:2436: result: no
configure:2406: checking for mawk
configure:2436: result: no
configure:2406: checking for nawk
configure:2436: result: no
configure:2406: checking for awk
configure:2422: found /usr/bin/awk
configure:2433: result: awk
configure:2444: checking whether make sets $(MAKE)
configure:2466: result: yes
configure:2495: checking whether make supports nested variables
configure:2512: result: yes
configure:2690: checking for gcc
configure:2706: found /usr/bin/gcc
configure:2717: result: gcc
configure:2946: checking for C compiler version
configure:2955: gcc --version >&5
i686-apple-darwin11-llvm-gcc-4.2 (GCC) 4.2.1 (Based on Apple Inc. build 5658) (LLVM build 2336.11.00)
Copyright (C) 2007 Free Software Foundation, Inc.
This is free software; see the source for copying conditions.  There is NO
warranty; not even for MERCHANTABILITY or FITNESS FOR A PARTICULAR PURPOSE.

configure:2966: $? = 0
configure:2955: gcc -v >&5
Using built-in specs.
Target: i686-apple-darwin11
Configured with: /private/var/tmp/llvmgcc42/llvmgcc42-2336.11~182/src/configure --disable-checking --enable-werror --prefix=/Applications/Xcode.app/Contents/Developer/usr/llvm-gcc-4.2 --mandir=/share/man --enable-languages=c,objc,c++,obj-c++ --program-prefix=llvm- --program-transform-name=/^[cg][^.-]*$/s/$/-4.2/ --with-slibdir=/usr/lib --build=i686-apple-darwin11 --enable-llvm=/private/var/tmp/llvmgcc42/llvmgcc42-2336.11~182/dst-llvmCore/Developer/usr/local --program-prefix=i686-apple-darwin11- --host=x86_64-apple-darwin11 --target=i686-apple-darwin11 --with-gxx-include-dir=/usr/include/c++/4.2.1
Thread model: posix
gcc version 4.2.1 (Based on Apple Inc. build 5658) (LLVM build 2336.11.00)
configure:2966: $? = 0
configure:2955: gcc -V >&5
llvm-gcc-4.2: argument to `-V' is missing
configure:2966: $? = 1
configure:2955: gcc -qversion >&5
i686-apple-darwin11-llvm-gcc-4.2: no input files
configure:2966: $? = 1
configure:2986: checking whether the C compiler works
configure:3008: gcc    conftest.c  >&5
configure:3012: $? = 0
configure:3060: result: yes
configure:3063: checking for C compiler default output file name
configure:3065: result: a.out
configure:3071: checking for suffix of executables
configure:3078: gcc -o conftest    conftest.c  >&5
configure:3082: $? = 0
configure:3104: result: 
configure:3126: checking whether we are cross compiling
configure:3134: gcc -o conftest    conftest.c  >&5
configure:3138: $? = 0
configure:3145: ./conftest
configure:3149: $? = 0
configure:3164: result: no
configure:3169: checking for suffix of object files
configure:3191: gcc -c   conftest.c >&5
configure:3195: $? = 0
configure:3216: result: o
configure:3220: checking whether we are using the GNU C compiler
configure:3239: gcc -c   conftest.c >&5
configure:3239: $? = 0
configure:3248: result: yes
configure:3257: checking whether gcc accepts -g
configure:3277: gcc -c -g  conftest.c >&5
configure:3277: $? = 0
configure:3318: result: yes
configure:3335: checking for gcc option to accept ISO C89
configure:3398: gcc  -c -g -O2  conftest.c >&5
configure:3398: $? = 0
configure:3411: result: none needed
configure:3436: checking whether gcc understands -c and -o together
configure:3458: gcc -c conftest.c -o conftest2.o
configure:3461: $? = 0
configure:3458: gcc -c conftest.c -o conftest2.o
configure:3461: $? = 0
configure:3473: result: yes
configure:3501: checking for style of include used by make
configure:3529: result: GNU
configure:3555: checking dependency style of gcc
configure:3666: result: gcc3
configure:3691: checking how to run the C preprocessor
configure:3722: gcc -E  conftest.c
configure:3722: $? = 0
configure:3736: gcc -E  conftest.c
conftest.c:11:28: error: ac_nonexistent.h: No such file or directory
configure:3736: $? = 1
configure: failed program was:
| /* confdefs.h */
| #define PACKAGE_NAME "fibonacci"
| #define PACKAGE_TARNAME "fibonacci"
| #define PACKAGE_VERSION "1.0"
| #define PACKAGE_STRING "fibonacci 1.0"
| #define PACKAGE_BUGREPORT "palhwang@live.com"
| #define PACKAGE_URL ""
| #define PACKAGE "fibonacci"
| #define VERSION "1.0"
| /* end confdefs.h.  */
| #include <ac_nonexistent.h>
configure:3761: result: gcc -E
configure:3781: gcc -E  conftest.c
configure:3781: $? = 0
configure:3795: gcc -E  conftest.c
conftest.c:11:28: error: ac_nonexistent.h: No such file or directory
configure:3795: $? = 1
configure: failed program was:
| /* confdefs.h */
| #define PACKAGE_NAME "fibonacci"
| #define PACKAGE_TARNAME "fibonacci"
| #define PACKAGE_VERSION "1.0"
| #define PACKAGE_STRING "fibonacci 1.0"
| #define PACKAGE_BUGREPORT "palhwang@live.com"
| #define PACKAGE_URL ""
| #define PACKAGE "fibonacci"
| #define VERSION "1.0"
| /* end confdefs.h.  */
| #include <ac_nonexistent.h>
configure:3824: checking for grep that handles long lines and -e
configure:3882: result: /usr/bin/grep
configure:3887: checking for egrep
configure:3949: result: /usr/bin/grep -E
configure:3954: checking for ANSI C header files
configure:3974: gcc -c -g -O2  conftest.c >&5
configure:3974: $? = 0
configure:4047: gcc -o conftest -g -O2   conftest.c  >&5
configure:4047: $? = 0
configure:4047: ./conftest
configure:4047: $? = 0
configure:4058: result: yes
configure:4071: checking for sys/types.h
configure:4071: gcc -c -g -O2  conftest.c >&5
configure:4071: $? = 0
configure:4071: result: yes
configure:4071: checking for sys/stat.h
configure:4071: gcc -c -g -O2  conftest.c >&5
configure:4071: $? = 0
configure:4071: result: yes
configure:4071: checking for stdlib.h
configure:4071: gcc -c -g -O2  conftest.c >&5
configure:4071: $? = 0
configure:4071: result: yes
configure:4071: checking for string.h
configure:4071: gcc -c -g -O2  conftest.c >&5
configure:4071: $? = 0
configure:4071: result: yes
configure:4071: checking for memory.h
configure:4071: gcc -c -g -O2  conftest.c >&5
configure:4071: $? = 0
configure:4071: result: yes
configure:4071: checking for strings.h
configure:4071: gcc -c -g -O2  conftest.c >&5
configure:4071: $? = 0
configure:4071: result: yes
configure:4071: checking for inttypes.h
configure:4071: gcc -c -g -O2  conftest.c >&5
configure:4071: $? = 0
configure:4071: result: yes
configure:4071: checking for stdint.h
configure:4071: gcc -c -g -O2  conftest.c >&5
configure:4071: $? = 0
configure:4071: result: yes
configure:4071: checking for unistd.h
configure:4071: gcc -c -g -O2  conftest.c >&5
configure:4071: $? = 0
configure:4071: result: yes
configure:4085: checking for stdlib.h
configure:4085: result: yes
configure:4247: checking that generated files are newer than configure
configure:4253: result: done
configure:4276: creating ./config.status

## ---------------------- ##
## Running config.status. ##
## ---------------------- ##

This file was extended by fibonacci config.status 1.0, which was
generated by GNU Autoconf 2.69.  Invocation command line was

  CONFIG_FILES    = 
  CONFIG_HEADERS  = 
  CONFIG_LINKS    = 
  CONFIG_COMMANDS = 
  $ ./config.status 

on feiyuntekiMacBook-Pro.local

config.status:776: creating Makefile
config.status:948: executing depfiles commands

## ---------------- ##
## Cache variables. ##
## ---------------- ##

ac_cv_c_compiler_gnu=yes
ac_cv_env_CC_set=
ac_cv_env_CC_value=
ac_cv_env_CFLAGS_set=
ac_cv_env_CFLAGS_value=
ac_cv_env_CPPFLAGS_set=
ac_cv_env_CPPFLAGS_value=
ac_cv_env_CPP_set=
ac_cv_env_CPP_value=
ac_cv_env_LDFLAGS_set=
ac_cv_env_LDFLAGS_value=
ac_cv_env_LIBS_set=
ac_cv_env_LIBS_value=
ac_cv_env_build_alias_set=
ac_cv_env_build_alias_value=
ac_cv_env_host_alias_set=
ac_cv_env_host_alias_value=
ac_cv_env_target_alias_set=
ac_cv_env_target_alias_value=
ac_cv_header_inttypes_h=yes
ac_cv_header_memory_h=yes
ac_cv_header_stdc=yes
ac_cv_header_stdint_h=yes
ac_cv_header_stdlib_h=yes
ac_cv_header_string_h=yes
ac_cv_header_strings_h=yes
ac_cv_header_sys_stat_h=yes
ac_cv_header_sys_types_h=yes
ac_cv_header_unistd_h=yes
ac_cv_objext=o
ac_cv_path_EGREP='/usr/bin/grep -E'
ac_cv_path_GREP=/usr/bin/grep
ac_cv_path_install='/usr/bin/install -c'
ac_cv_prog_AWK=awk
ac_cv_prog_CPP='gcc -E'
ac_cv_prog_ac_ct_CC=gcc
ac_cv_prog_cc_c89=
ac_cv_prog_cc_g=yes
ac_cv_prog_make_make_set=yes
am_cv_CC_dependencies_compiler_type=gcc3
am_cv_make_support_nested_variables=yes
am_cv_prog_cc_c_o=yes

## ----------------- ##
## Output variables. ##
## ----------------- ##

ACLOCAL='${SHELL} /Users/feiyun/Documents/Debian/Fibonacci/missing aclocal-1.14'
AMDEPBACKSLASH='\'
AMDEP_FALSE='#'
AMDEP_TRUE=''
AMTAR='$${TAR-tar}'
AM_BACKSLASH='\'
AM_DEFAULT_V='$(AM_DEFAULT_VERBOSITY)'
AM_DEFAULT_VERBOSITY='1'
AM_V='$(V)'
AUTOCONF='${SHELL} /Users/feiyun/Documents/Debian/Fibonacci/missing autoconf'
AUTOHEADER='${SHELL} /Users/feiyun/Documents/Debian/Fibonacci/missing autoheader'
AUTOMAKE='${SHELL} /Users/feiyun/Documents/Debian/Fibonacci/missing automake-1.14'
AWK='awk'
CC='gcc'
CCDEPMODE='depmode=gcc3'
CFLAGS='-g -O2'
CPP='gcc -E'
CPPFLAGS=''
CYGPATH_W='echo'
DEFS='-DPACKAGE_NAME=\"fibonacci\" -DPACKAGE_TARNAME=\"fibonacci\" -DPACKAGE_VERSION=\"1.0\" -DPACKAGE_STRING=\"fibonacci\ 1.0\" -DPACKAGE_BUGREPORT=\"palhwang@live.com\" -DPACKAGE_URL=\"\" -DPACKAGE=\"fibonacci\" -DVERSION=\"1.0\" -DSTDC_HEADERS=1 -DHAVE_SYS_TYPES_H=1 -DHAVE_SYS_STAT_H=1 -DHAVE_STDLIB_H=1 -DHAVE_STRING_H=1 -DHAVE_MEMORY_H=1 -DHAVE_STRINGS_H=1 -DHAVE_INTTYPES_H=1 -DHAVE_STDINT_H=1 -DHAVE_UNISTD_H=1 -DHAVE_STDLIB_H=1'
DEPDIR='.deps'
ECHO_C='\c'
ECHO_N=''
ECHO_T=''
EGREP='/usr/bin/grep -E'
EXEEXT=''
GREP='/usr/bin/grep'
INSTALL_DATA='${INSTALL} -m 644'
INSTALL_PROGRAM='${INSTALL}'
INSTALL_SCRIPT='${INSTALL}'
INSTALL_STRIP_PROGRAM='$(install_sh) -c -s'
LDFLAGS=''
LIBOBJS=''
LIBS=''
LTLIBOBJS=''
MAKEINFO='${SHELL} /Users/feiyun/Documents/Debian/Fibonacci/missing makeinfo'
MKDIR_P='./install-sh -c -d'
OBJEXT='o'
PACKAGE='fibonacci'
PACKAGE_BUGREPORT='palhwang@live.com'
PACKAGE_NAME='fibonacci'
PACKAGE_STRING='fibonacci 1.0'
PACKAGE_TARNAME='fibonacci'
PACKAGE_URL=''
PACKAGE_VERSION='1.0'
PATH_SEPARATOR=':'
SET_MAKE=''
SHELL='/bin/sh'
STRIP=''
VERSION='1.0'
ac_ct_CC='gcc'
am__EXEEXT_FALSE=''
am__EXEEXT_TRUE='#'
am__fastdepCC_FALSE='#'
am__fastdepCC_TRUE=''
am__include='include'
am__isrc=''
am__leading_dot='.'
am__nodep='_no'
am__quote=''
am__tar='$${TAR-tar} chof - "$$tardir"'
am__untar='$${TAR-tar} xf -'
bindir='${exec_prefix}/bin'
build_alias=''
datadir='${datarootdir}'
datarootdir='${prefix}/share'
docdir='${datarootdir}/doc/${PACKAGE_TARNAME}'
dvidir='${docdir}'
exec_prefix='${prefix}'
host_alias=''
htmldir='${docdir}'
includedir='${prefix}/include'
infodir='${datarootdir}/info'
install_sh='${SHELL} /Users/feiyun/Documents/Debian/Fibonacci/install-sh'
libdir='${exec_prefix}/lib'
libexecdir='${exec_prefix}/libexec'
localedir='${datarootdir}/locale'
localstatedir='${prefix}/var'
mandir='${datarootdir}/man'
mkdir_p='$(MKDIR_P)'
oldincludedir='/usr/include'
pdfdir='${docdir}'
prefix='/usr/local'
program_transform_name='s,x,x,'
psdir='${docdir}'
sbindir='${exec_prefix}/sbin'
sharedstatedir='${prefix}/com'
sysconfdir='${prefix}/etc'
target_alias=''

## ----------- ##
## confdefs.h. ##
## ----------- ##

/* confdefs.h */
#define PACKAGE_NAME "fibonacci"
#define PACKAGE_TARNAME "fibonacci"
#define PACKAGE_VERSION "1.0"
#define PACKAGE_STRING "fibonacci 1.0"
#define PACKAGE_BUGREPORT "palhwang@live.com"
#define PACKAGE_URL ""
#define PACKAGE "fibonacci"
#define VERSION "1.0"
#define STDC_HEADERS 1
#define HAVE_SYS_TYPES_H 1
#define HAVE_SYS_STAT_H 1
#define HAVE_STDLIB_H 1
#define HAVE_STRING_H 1
#define HAVE_MEMORY_H 1
#define HAVE_STRINGS_H 1
#define HAVE_INTTYPES_H 1
#define HAVE_STDINT_H 1
#define HAVE_UNISTD_H 1
#define HAVE_STDLIB_H 1

configure: exit 0
