This file contains any messages produced by compilers while
running configure, to aid debugging if configure makes a mistake.

It was created by httpclient configure 1.0, which was
generated by GNU Autoconf 2.69.  Invocation command line was

  $ ./configure 

## --------- ##
## Platform. ##
## --------- ##

hostname = feiyuntekiMacBook-Pro.local
uname -m = x86_64
uname -r = 12.4.0
uname -s = Darwin
uname -v = Darwin Kernel Version 12.4.0: Wed May  1 17:57:12 PDT 2013; root:xnu-2050.24.15~1/RELEASE_X86_64

/usr/bin/uname -p = i386
/bin/uname -X     = unknown

/bin/arch              = unknown
/usr/bin/arch -k       = unknown
/usr/convex/getsysinfo = unknown
/usr/bin/hostinfo      = Mach kernel version:
	 Darwin Kernel Version 12.4.0: Wed May  1 17:57:12 PDT 2013; root:xnu-2050.24.15~1/RELEASE_X86_64
Kernel configured for up to 4 processors.
2 processors are physically available.
4 processors are logically available.
Processor type: i486 (Intel 80486)
Processors active: 0 1 2 3
Primary memory available: 4.00 gigabytes
Default processor set: 130 tasks, 768 threads, 4 processors
Load average: 0.95, Mach factor: 3.13
/bin/machine           = unknown
/usr/bin/oslevel       = unknown
/bin/universe          = unknown

PATH: /usr/bin
PATH: /bin
PATH: /usr/sbin
PATH: /sbin
PATH: /usr/local/bin
PATH: /opt/X11/bin


## ----------- ##
## Core tests. ##
## ----------- ##

configure:2188: checking for a BSD-compatible install
configure:2256: result: /usr/bin/install -c
configure:2267: checking whether build environment is sane
configure:2322: result: yes
configure:2473: checking for a thread-safe mkdir -p
configure:2512: result: ./install-sh -c -d
configure:2519: checking for gawk
configure:2549: result: no
configure:2519: checking for mawk
configure:2549: result: no
configure:2519: checking for nawk
configure:2549: result: no
configure:2519: checking for awk
configure:2535: found /usr/bin/awk
configure:2546: result: awk
configure:2557: checking whether make sets $(MAKE)
configure:2579: result: yes
configure:2608: checking whether make supports nested variables
configure:2625: result: yes
configure:2803: checking for gcc
configure:2819: found /usr/bin/gcc
configure:2830: result: gcc
configure:3059: checking for C compiler version
configure:3068: gcc --version >&5
i686-apple-darwin11-llvm-gcc-4.2 (GCC) 4.2.1 (Based on Apple Inc. build 5658) (LLVM build 2336.11.00)
Copyright (C) 2007 Free Software Foundation, Inc.
This is free software; see the source for copying conditions.  There is NO
warranty; not even for MERCHANTABILITY or FITNESS FOR A PARTICULAR PURPOSE.

configure:3079: $? = 0
configure:3068: gcc -v >&5
Using built-in specs.
Target: i686-apple-darwin11
Configured with: /private/var/tmp/llvmgcc42/llvmgcc42-2336.11~182/src/configure --disable-checking --enable-werror --prefix=/Applications/Xcode.app/Contents/Developer/usr/llvm-gcc-4.2 --mandir=/share/man --enable-languages=c,objc,c++,obj-c++ --program-prefix=llvm- --program-transform-name=/^[cg][^.-]*$/s/$/-4.2/ --with-slibdir=/usr/lib --build=i686-apple-darwin11 --enable-llvm=/private/var/tmp/llvmgcc42/llvmgcc42-2336.11~182/dst-llvmCore/Developer/usr/local --program-prefix=i686-apple-darwin11- --host=x86_64-apple-darwin11 --target=i686-apple-darwin11 --with-gxx-include-dir=/usr/include/c++/4.2.1
Thread model: posix
gcc version 4.2.1 (Based on Apple Inc. build 5658) (LLVM build 2336.11.00)
configure:3079: $? = 0
configure:3068: gcc -V >&5
llvm-gcc-4.2: argument to `-V' is missing
configure:3079: $? = 1
configure:3068: gcc -qversion >&5
i686-apple-darwin11-llvm-gcc-4.2: no input files
configure:3079: $? = 1
configure:3099: checking whether the C compiler works
configure:3121: gcc    conftest.c  >&5
configure:3125: $? = 0
configure:3173: result: yes
configure:3176: checking for C compiler default output file name
configure:3178: result: a.out
configure:3184: checking for suffix of executables
configure:3191: gcc -o conftest    conftest.c  >&5
configure:3195: $? = 0
configure:3217: result: 
configure:3239: checking whether we are cross compiling
configure:3247: gcc -o conftest    conftest.c  >&5
configure:3251: $? = 0
configure:3258: ./conftest
configure:3262: $? = 0
configure:3277: result: no
configure:3282: checking for suffix of object files
configure:3304: gcc -c   conftest.c >&5
configure:3308: $? = 0
configure:3329: result: o
configure:3333: checking whether we are using the GNU C compiler
configure:3352: gcc -c   conftest.c >&5
configure:3352: $? = 0
configure:3361: result: yes
configure:3370: checking whether gcc accepts -g
configure:3390: gcc -c -g  conftest.c >&5
configure:3390: $? = 0
configure:3431: result: yes
configure:3448: checking for gcc option to accept ISO C89
configure:3511: gcc  -c -g -O2  conftest.c >&5
configure:3511: $? = 0
configure:3524: result: none needed
configure:3549: checking whether gcc understands -c and -o together
configure:3571: gcc -c conftest.c -o conftest2.o
configure:3574: $? = 0
configure:3571: gcc -c conftest.c -o conftest2.o
configure:3574: $? = 0
configure:3586: result: yes
configure:3614: checking for style of include used by make
configure:3642: result: GNU
configure:3668: checking dependency style of gcc
configure:3779: result: gcc3
configure:3804: checking how to run the C preprocessor
configure:3835: gcc -E  conftest.c
configure:3835: $? = 0
configure:3849: gcc -E  conftest.c
conftest.c:11:28: error: ac_nonexistent.h: No such file or directory
configure:3849: $? = 1
configure: failed program was:
| /* confdefs.h */
| #define PACKAGE_NAME "httpclient"
| #define PACKAGE_TARNAME "httpclient"
| #define PACKAGE_VERSION "1.0"
| #define PACKAGE_STRING "httpclient 1.0"
| #define PACKAGE_BUGREPORT "palhwang@live.com"
| #define PACKAGE_URL ""
| #define PACKAGE "httpclient"
| #define VERSION "1.0"
| /* end confdefs.h.  */
| #include <ac_nonexistent.h>
configure:3874: result: gcc -E
configure:3894: gcc -E  conftest.c
configure:3894: $? = 0
configure:3908: gcc -E  conftest.c
conftest.c:11:28: error: ac_nonexistent.h: No such file or directory
configure:3908: $? = 1
configure: failed program was:
| /* confdefs.h */
| #define PACKAGE_NAME "httpclient"
| #define PACKAGE_TARNAME "httpclient"
| #define PACKAGE_VERSION "1.0"
| #define PACKAGE_STRING "httpclient 1.0"
| #define PACKAGE_BUGREPORT "palhwang@live.com"
| #define PACKAGE_URL ""
| #define PACKAGE "httpclient"
| #define VERSION "1.0"
| /* end confdefs.h.  */
| #include <ac_nonexistent.h>
configure:3937: checking for grep that handles long lines and -e
configure:3995: result: /usr/bin/grep
configure:4000: checking for egrep
configure:4062: result: /usr/bin/grep -E
configure:4067: checking for ANSI C header files
configure:4087: gcc -c -g -O2  conftest.c >&5
configure:4087: $? = 0
configure:4160: gcc -o conftest -g -O2   conftest.c  >&5
configure:4160: $? = 0
configure:4160: ./conftest
configure:4160: $? = 0
configure:4171: result: yes
configure:4184: checking for sys/types.h
configure:4184: gcc -c -g -O2  conftest.c >&5
configure:4184: $? = 0
configure:4184: result: yes
configure:4184: checking for sys/stat.h
configure:4184: gcc -c -g -O2  conftest.c >&5
configure:4184: $? = 0
configure:4184: result: yes
configure:4184: checking for stdlib.h
configure:4184: gcc -c -g -O2  conftest.c >&5
configure:4184: $? = 0
configure:4184: result: yes
configure:4184: checking for string.h
configure:4184: gcc -c -g -O2  conftest.c >&5
configure:4184: $? = 0
configure:4184: result: yes
configure:4184: checking for memory.h
configure:4184: gcc -c -g -O2  conftest.c >&5
configure:4184: $? = 0
configure:4184: result: yes
configure:4184: checking for strings.h
configure:4184: gcc -c -g -O2  conftest.c >&5
configure:4184: $? = 0
configure:4184: result: yes
configure:4184: checking for inttypes.h
configure:4184: gcc -c -g -O2  conftest.c >&5
configure:4184: $? = 0
configure:4184: result: yes
configure:4184: checking for stdint.h
configure:4184: gcc -c -g -O2  conftest.c >&5
configure:4184: $? = 0
configure:4184: result: yes
configure:4184: checking for unistd.h
configure:4184: gcc -c -g -O2  conftest.c >&5
configure:4184: $? = 0
configure:4184: result: yes
configure:4199: checking arpa/inet.h usability
configure:4199: gcc -c -g -O2  conftest.c >&5
configure:4199: $? = 0
configure:4199: result: yes
configure:4199: checking arpa/inet.h presence
configure:4199: gcc -E  conftest.c
configure:4199: $? = 0
configure:4199: result: yes
configure:4199: checking for arpa/inet.h
configure:4199: result: yes
configure:4199: checking limits.h usability
configure:4199: gcc -c -g -O2  conftest.c >&5
configure:4199: $? = 0
configure:4199: result: yes
configure:4199: checking limits.h presence
configure:4199: gcc -E  conftest.c
configure:4199: $? = 0
configure:4199: result: yes
configure:4199: checking for limits.h
configure:4199: result: yes
configure:4199: checking netdb.h usability
configure:4199: gcc -c -g -O2  conftest.c >&5
configure:4199: $? = 0
configure:4199: result: yes
configure:4199: checking netdb.h presence
configure:4199: gcc -E  conftest.c
configure:4199: $? = 0
configure:4199: result: yes
configure:4199: checking for netdb.h
configure:4199: result: yes
configure:4199: checking netinet/in.h usability
configure:4199: gcc -c -g -O2  conftest.c >&5
configure:4199: $? = 0
configure:4199: result: yes
configure:4199: checking netinet/in.h presence
configure:4199: gcc -E  conftest.c
configure:4199: $? = 0
configure:4199: result: yes
configure:4199: checking for netinet/in.h
configure:4199: result: yes
configure:4199: checking for stdlib.h
configure:4199: result: yes
configure:4199: checking for string.h
configure:4199: result: yes
configure:4199: checking sys/socket.h usability
configure:4199: gcc -c -g -O2  conftest.c >&5
configure:4199: $? = 0
configure:4199: result: yes
configure:4199: checking sys/socket.h presence
configure:4199: gcc -E  conftest.c
configure:4199: $? = 0
configure:4199: result: yes
configure:4199: checking for sys/socket.h
configure:4199: result: yes
configure:4199: checking for unistd.h
configure:4199: result: yes
configure:4216: checking for bzero
configure:4216: gcc -o conftest -g -O2   conftest.c  >&5
conftest.c:52: warning: conflicting types for built-in function 'bzero'
configure:4216: $? = 0
configure:4216: result: yes
configure:4216: checking for gethostbyname
configure:4216: gcc -o conftest -g -O2   conftest.c  >&5
configure:4216: $? = 0
configure:4216: result: yes
configure:4216: checking for memset
configure:4216: gcc -o conftest -g -O2   conftest.c  >&5
conftest.c:54: warning: conflicting types for built-in function 'memset'
configure:4216: $? = 0
configure:4216: result: yes
configure:4216: checking for socket
configure:4216: gcc -o conftest -g -O2   conftest.c  >&5
configure:4216: $? = 0
configure:4216: result: yes
configure:4216: checking for strchr
configure:4216: gcc -o conftest -g -O2   conftest.c  >&5
conftest.c:56: warning: conflicting types for built-in function 'strchr'
configure:4216: $? = 0
configure:4216: result: yes
configure:4216: checking for strerror
configure:4216: gcc -o conftest -g -O2   conftest.c  >&5
configure:4216: $? = 0
configure:4216: result: yes
configure:4373: checking that generated files are newer than configure
configure:4379: result: done
configure:4402: creating ./config.status

## ---------------------- ##
## Running config.status. ##
## ---------------------- ##

This file was extended by httpclient config.status 1.0, which was
generated by GNU Autoconf 2.69.  Invocation command line was

  CONFIG_FILES    = 
  CONFIG_HEADERS  = 
  CONFIG_LINKS    = 
  CONFIG_COMMANDS = 
  $ ./config.status 

on feiyuntekiMacBook-Pro.local

config.status:778: creating Makefile
config.status:950: executing depfiles commands

## ---------------- ##
## Cache variables. ##
## ---------------- ##

ac_cv_c_compiler_gnu=yes
ac_cv_env_CC_set=
ac_cv_env_CC_value=
ac_cv_env_CFLAGS_set=
ac_cv_env_CFLAGS_value=
ac_cv_env_CPPFLAGS_set=
ac_cv_env_CPPFLAGS_value=
ac_cv_env_CPP_set=
ac_cv_env_CPP_value=
ac_cv_env_LDFLAGS_set=
ac_cv_env_LDFLAGS_value=
ac_cv_env_LIBS_set=
ac_cv_env_LIBS_value=
ac_cv_env_build_alias_set=
ac_cv_env_build_alias_value=
ac_cv_env_host_alias_set=
ac_cv_env_host_alias_value=
ac_cv_env_target_alias_set=
ac_cv_env_target_alias_value=
ac_cv_func_bzero=yes
ac_cv_func_gethostbyname=yes
ac_cv_func_memset=yes
ac_cv_func_socket=yes
ac_cv_func_strchr=yes
ac_cv_func_strerror=yes
ac_cv_header_arpa_inet_h=yes
ac_cv_header_inttypes_h=yes
ac_cv_header_limits_h=yes
ac_cv_header_memory_h=yes
ac_cv_header_netdb_h=yes
ac_cv_header_netinet_in_h=yes
ac_cv_header_stdc=yes
ac_cv_header_stdint_h=yes
ac_cv_header_stdlib_h=yes
ac_cv_header_string_h=yes
ac_cv_header_strings_h=yes
ac_cv_header_sys_socket_h=yes
ac_cv_header_sys_stat_h=yes
ac_cv_header_sys_types_h=yes
ac_cv_header_unistd_h=yes
ac_cv_objext=o
ac_cv_path_EGREP='/usr/bin/grep -E'
ac_cv_path_GREP=/usr/bin/grep
ac_cv_path_install='/usr/bin/install -c'
ac_cv_prog_AWK=awk
ac_cv_prog_CPP='gcc -E'
ac_cv_prog_ac_ct_CC=gcc
ac_cv_prog_cc_c89=
ac_cv_prog_cc_g=yes
ac_cv_prog_make_make_set=yes
am_cv_CC_dependencies_compiler_type=gcc3
am_cv_make_support_nested_variables=yes
am_cv_prog_cc_c_o=yes

## ----------------- ##
## Output variables. ##
## ----------------- ##

ACLOCAL='${SHELL} /Users/feiyun/Documents/Debian/httpclient/missing aclocal-1.14'
AMDEPBACKSLASH='\'
AMDEP_FALSE='#'
AMDEP_TRUE=''
AMTAR='$${TAR-tar}'
AM_BACKSLASH='\'
AM_DEFAULT_V='$(AM_DEFAULT_VERBOSITY)'
AM_DEFAULT_VERBOSITY='1'
AM_V='$(V)'
AUTOCONF='${SHELL} /Users/feiyun/Documents/Debian/httpclient/missing autoconf'
AUTOHEADER='${SHELL} /Users/feiyun/Documents/Debian/httpclient/missing autoheader'
AUTOMAKE='${SHELL} /Users/feiyun/Documents/Debian/httpclient/missing automake-1.14'
AWK='awk'
CC='gcc'
CCDEPMODE='depmode=gcc3'
CFLAGS='-g -O2'
CPP='gcc -E'
CPPFLAGS=''
CYGPATH_W='echo'
DEFS='-DPACKAGE_NAME=\"httpclient\" -DPACKAGE_TARNAME=\"httpclient\" -DPACKAGE_VERSION=\"1.0\" -DPACKAGE_STRING=\"httpclient\ 1.0\" -DPACKAGE_BUGREPORT=\"palhwang@live.com\" -DPACKAGE_URL=\"\" -DPACKAGE=\"httpclient\" -DVERSION=\"1.0\" -DSTDC_HEADERS=1 -DHAVE_SYS_TYPES_H=1 -DHAVE_SYS_STAT_H=1 -DHAVE_STDLIB_H=1 -DHAVE_STRING_H=1 -DHAVE_MEMORY_H=1 -DHAVE_STRINGS_H=1 -DHAVE_INTTYPES_H=1 -DHAVE_STDINT_H=1 -DHAVE_UNISTD_H=1 -DHAVE_ARPA_INET_H=1 -DHAVE_LIMITS_H=1 -DHAVE_NETDB_H=1 -DHAVE_NETINET_IN_H=1 -DHAVE_STDLIB_H=1 -DHAVE_STRING_H=1 -DHAVE_SYS_SOCKET_H=1 -DHAVE_UNISTD_H=1 -DHAVE_BZERO=1 -DHAVE_GETHOSTBYNAME=1 -DHAVE_MEMSET=1 -DHAVE_SOCKET=1 -DHAVE_STRCHR=1 -DHAVE_STRERROR=1'
DEPDIR='.deps'
ECHO_C='\c'
ECHO_N=''
ECHO_T=''
EGREP='/usr/bin/grep -E'
EXEEXT=''
GREP='/usr/bin/grep'
INSTALL_DATA='${INSTALL} -m 644'
INSTALL_PROGRAM='${INSTALL}'
INSTALL_SCRIPT='${INSTALL}'
INSTALL_STRIP_PROGRAM='$(install_sh) -c -s'
LDFLAGS=''
LIBOBJS=''
LIBS=''
LTLIBOBJS=''
MAKEINFO='${SHELL} /Users/feiyun/Documents/Debian/httpclient/missing makeinfo'
MKDIR_P='./install-sh -c -d'
OBJEXT='o'
PACKAGE='httpclient'
PACKAGE_BUGREPORT='palhwang@live.com'
PACKAGE_NAME='httpclient'
PACKAGE_STRING='httpclient 1.0'
PACKAGE_TARNAME='httpclient'
PACKAGE_URL=''
PACKAGE_VERSION='1.0'
PATH_SEPARATOR=':'
SET_MAKE=''
SHELL='/bin/sh'
STRIP=''
VERSION='1.0'
ac_ct_CC='gcc'
am__EXEEXT_FALSE=''
am__EXEEXT_TRUE='#'
am__fastdepCC_FALSE='#'
am__fastdepCC_TRUE=''
am__include='include'
am__isrc=''
am__leading_dot='.'
am__nodep='_no'
am__quote=''
am__tar='$${TAR-tar} chof - "$$tardir"'
am__untar='$${TAR-tar} xf -'
bindir='${exec_prefix}/bin'
build_alias=''
datadir='${datarootdir}'
datarootdir='${prefix}/share'
docdir='${datarootdir}/doc/${PACKAGE_TARNAME}'
dvidir='${docdir}'
exec_prefix='${prefix}'
host_alias=''
htmldir='${docdir}'
includedir='${prefix}/include'
infodir='${datarootdir}/info'
install_sh='${SHELL} /Users/feiyun/Documents/Debian/httpclient/install-sh'
libdir='${exec_prefix}/lib'
libexecdir='${exec_prefix}/libexec'
localedir='${datarootdir}/locale'
localstatedir='${prefix}/var'
mandir='${datarootdir}/man'
mkdir_p='$(MKDIR_P)'
oldincludedir='/usr/include'
pdfdir='${docdir}'
prefix='/usr/local'
program_transform_name='s,x,x,'
psdir='${docdir}'
sbindir='${exec_prefix}/sbin'
sharedstatedir='${prefix}/com'
sysconfdir='${prefix}/etc'
target_alias=''

## ----------- ##
## confdefs.h. ##
## ----------- ##

/* confdefs.h */
#define PACKAGE_NAME "httpclient"
#define PACKAGE_TARNAME "httpclient"
#define PACKAGE_VERSION "1.0"
#define PACKAGE_STRING "httpclient 1.0"
#define PACKAGE_BUGREPORT "palhwang@live.com"
#define PACKAGE_URL ""
#define PACKAGE "httpclient"
#define VERSION "1.0"
#define STDC_HEADERS 1
#define HAVE_SYS_TYPES_H 1
#define HAVE_SYS_STAT_H 1
#define HAVE_STDLIB_H 1
#define HAVE_STRING_H 1
#define HAVE_MEMORY_H 1
#define HAVE_STRINGS_H 1
#define HAVE_INTTYPES_H 1
#define HAVE_STDINT_H 1
#define HAVE_UNISTD_H 1
#define HAVE_ARPA_INET_H 1
#define HAVE_LIMITS_H 1
#define HAVE_NETDB_H 1
#define HAVE_NETINET_IN_H 1
#define HAVE_STDLIB_H 1
#define HAVE_STRING_H 1
#define HAVE_SYS_SOCKET_H 1
#define HAVE_UNISTD_H 1
#define HAVE_BZERO 1
#define HAVE_GETHOSTBYNAME 1
#define HAVE_MEMSET 1
#define HAVE_SOCKET 1
#define HAVE_STRCHR 1
#define HAVE_STRERROR 1

configure: exit 0
